<?xml version="1.0"?>
<!DOCTYPE coverage SYSTEM "http://cobertura.sourceforge.net/xml/coverage-04.dtd">
<coverage 
line-rate="0.55" lines-valid="157" lines-covered="86" branches-valid="8" branches-covered="8" branch-rate="1.00" complexity="0" version="1.0" timestamp="1531980587278">
    <sources>
        <source>--source</source>
        <source>/home/knoldus/Downloads/Assignment(19-Jul-2018)/src/main/scala</source>
    </sources>
    <packages>
        <package name="handledatatype" line-rate="1.00" branch-rate="1.00" complexity="0">
            <classes>
                <class 
                name="handledatatype.DataType" filename="handledatatype/DataType.scala" line-rate="1.00" branch-rate="1.00" complexity="0">
                    <methods>
                        <method name="handledatatype/DataType/returnType" signature="()V" line-rate="1.00" branch-rate="1.00" complexity="0">
                            <lines>
                                <line number="11" hits="1" branch="false"/>
                                <line number="9" hits="1" branch="false"/>
                                <line number="10" hits="1" branch="false"/>
                                <line number="7" hits="1" branch="false"/>
                                <line number="8" hits="1" branch="false"/>
                                <line number="10" hits="1" branch="false"/>
                                <line number="10" hits="1" branch="false"/>
                                <line number="8" hits="1" branch="false"/>
                                <line number="11" hits="1" branch="false"/>
                                <line number="9" hits="1" branch="false"/>
                                <line number="9" hits="1" branch="false"/>
                                <line number="6" hits="1" branch="false"/>
                                <line number="11" hits="1" branch="false"/>
                                <line number="9" hits="1" branch="false"/>
                                <line number="8" hits="1" branch="false"/>
                                <line number="10" hits="1" branch="false"/>
                                <line number="11" hits="1" branch="false"/>
                                <line number="8" hits="1" branch="false"/>
                            </lines>
                        </method>
                    </methods>
                    <lines>
                        <line number="11" hits="1" branch="false"/>
                        <line number="9" hits="1" branch="false"/>
                        <line number="10" hits="1" branch="false"/>
                        <line number="7" hits="1" branch="false"/>
                        <line number="8" hits="1" branch="false"/>
                        <line number="10" hits="1" branch="false"/>
                        <line number="10" hits="1" branch="false"/>
                        <line number="8" hits="1" branch="false"/>
                        <line number="11" hits="1" branch="false"/>
                        <line number="9" hits="1" branch="false"/>
                        <line number="9" hits="1" branch="false"/>
                        <line number="6" hits="1" branch="false"/>
                        <line number="11" hits="1" branch="false"/>
                        <line number="9" hits="1" branch="false"/>
                        <line number="8" hits="1" branch="false"/>
                        <line number="10" hits="1" branch="false"/>
                        <line number="11" hits="1" branch="false"/>
                        <line number="8" hits="1" branch="false"/>
                    </lines>
</class>
            </classes>
        </package>
        <package name="patternmatch" line-rate="0.92" branch-rate="1.00" complexity="0">
            <classes>
                <class 
                name="patternmatch.ProblemFirst" filename="patternmatch/ProblemFirst.scala" line-rate="0.92" branch-rate="1.00" complexity="0">
                    <methods>
                        <method name="patternmatch/ProblemFirst/findLength" signature="()V" line-rate="1.00" branch-rate="1.00" complexity="0">
                            <lines>
                                <line number="16" hits="1" branch="false"/>
                                <line number="15" hits="1" branch="false"/>
                            </lines>
                        </method>
                        <method name="patternmatch/ProblemFirst/tailNth" signature="()V" line-rate="1.00" branch-rate="1.00" complexity="0">
                            <lines>
                                <line number="25" hits="1" branch="false"/>
                                <line number="29" hits="1" branch="false"/>
                                <line number="25" hits="1" branch="false"/>
                                <line number="29" hits="1" branch="false"/>
                                <line number="25" hits="1" branch="false"/>
                                <line number="25" hits="1" branch="false"/>
                            </lines>
                        </method>
                        <method name="patternmatch/ProblemFirst/findMax" signature="()V" line-rate="0.89" branch-rate="1.00" complexity="0">
                            <lines>
                                <line number="8" hits="1" branch="false"/>
                                <line number="8" hits="1" branch="false"/>
                                <line number="8" hits="1" branch="false"/>
                                <line number="8" hits="1" branch="false"/>
                                <line number="8" hits="1" branch="false"/>
                                <line number="7" hits="0" branch="false"/>
                                <line number="8" hits="1" branch="false"/>
                                <line number="8" hits="1" branch="false"/>
                                <line number="8" hits="1" branch="false"/>
                            </lines>
                        </method>
                        <method name="patternmatch/ProblemFirst/findMin" signature="()V" line-rate="0.89" branch-rate="1.00" complexity="0">
                            <lines>
                                <line number="35" hits="1" branch="false"/>
                                <line number="35" hits="1" branch="false"/>
                                <line number="35" hits="1" branch="false"/>
                                <line number="35" hits="1" branch="false"/>
                                <line number="35" hits="1" branch="false"/>
                                <line number="35" hits="1" branch="false"/>
                                <line number="34" hits="0" branch="false"/>
                                <line number="35" hits="1" branch="false"/>
                                <line number="35" hits="1" branch="false"/>
                            </lines>
                        </method>
                    </methods>
                    <lines>
                        <line number="8" hits="1" branch="false"/>
                        <line number="35" hits="1" branch="false"/>
                        <line number="25" hits="1" branch="false"/>
                        <line number="29" hits="1" branch="false"/>
                        <line number="35" hits="1" branch="false"/>
                        <line number="8" hits="1" branch="false"/>
                        <line number="16" hits="1" branch="false"/>
                        <line number="35" hits="1" branch="false"/>
                        <line number="8" hits="1" branch="false"/>
                        <line number="35" hits="1" branch="false"/>
                        <line number="8" hits="1" branch="false"/>
                        <line number="25" hits="1" branch="false"/>
                        <line number="35" hits="1" branch="false"/>
                        <line number="8" hits="1" branch="false"/>
                        <line number="29" hits="1" branch="false"/>
                        <line number="35" hits="1" branch="false"/>
                        <line number="7" hits="0" branch="false"/>
                        <line number="15" hits="1" branch="false"/>
                        <line number="8" hits="1" branch="false"/>
                        <line number="34" hits="0" branch="false"/>
                        <line number="8" hits="1" branch="false"/>
                        <line number="25" hits="1" branch="false"/>
                        <line number="35" hits="1" branch="false"/>
                        <line number="35" hits="1" branch="false"/>
                        <line number="8" hits="1" branch="false"/>
                        <line number="25" hits="1" branch="false"/>
                    </lines>
</class>
            </classes>
        </package>
        <package name="studentresult" line-rate="0.39" branch-rate="1.00" complexity="0">
            <classes>
                <class 
                name="studentresult.StudentResult" filename="studentresult/StudentResult.scala" line-rate="0.38" branch-rate="1.00" complexity="0">
                    <methods>
                        <method 
                        name="studentresult/StudentResult/subject1Topper" signature="()V" line-rate="1.00" branch-rate="1.00" complexity="0">
                            <lines>
                                <line number="52" hits="1" branch="false"/>
                                <line number="50" hits="1" branch="false"/>
                                <line number="52" hits="1" branch="false"/>
                                <line number="52" hits="1" branch="false"/>
                                <line number="51" hits="1" branch="false"/>
                                <line number="52" hits="1" branch="false"/>
                                <line number="52" hits="1" branch="false"/>
                                <line number="50" hits="1" branch="false"/>
                                <line number="51" hits="1" branch="false"/>
                                <line number="52" hits="1" branch="false"/>
                                <line number="52" hits="1" branch="false"/>
                                <line number="51" hits="1" branch="false"/>
                                <line number="52" hits="1" branch="false"/>
                                <line number="52" hits="1" branch="false"/>
                                <line number="50" hits="1" branch="false"/>
                            </lines>
</method>
                        <method 
                        name="studentresult/StudentResult/subject3Topper" signature="()V" line-rate="0.00" branch-rate="0.00" complexity="0">
                            <lines>
                                <line number="63" hits="0" branch="false"/>
                                <line number="64" hits="0" branch="false"/>
                                <line number="64" hits="0" branch="false"/>
                                <line number="64" hits="0" branch="false"/>
                                <line number="62" hits="0" branch="false"/>
                                <line number="62" hits="0" branch="false"/>
                                <line number="64" hits="0" branch="false"/>
                                <line number="64" hits="0" branch="false"/>
                                <line number="63" hits="0" branch="false"/>
                                <line number="64" hits="0" branch="false"/>
                                <line number="62" hits="0" branch="false"/>
                                <line number="64" hits="0" branch="false"/>
                                <line number="63" hits="0" branch="false"/>
                                <line number="64" hits="0" branch="false"/>
                                <line number="64" hits="0" branch="false"/>
                            </lines>
</method>
                        <method 
                        name="studentresult/StudentResult/&lt;none&gt;" signature="()V" line-rate="1.00" branch-rate="1.00" complexity="0">
                            <lines>
                                <line number="31" hits="1" branch="false"/>
                                <line number="40" hits="1" branch="false"/>
                                <line number="32" hits="1" branch="false"/>
                                <line number="34" hits="1" branch="false"/>
                                <line number="39" hits="1" branch="false"/>
                                <line number="37" hits="1" branch="false"/>
                                <line number="33" hits="1" branch="false"/>
                                <line number="38" hits="1" branch="false"/>
                            </lines>
</method>
                        <method 
                        name="studentresult/StudentResult/topThreeStudents" signature="()V" line-rate="0.95" branch-rate="1.00" complexity="0">
                            <lines>
                                <line number="45" hits="1" branch="false"/>
                                <line number="46" hits="1" branch="false"/>
                                <line number="45" hits="1" branch="false"/>
                                <line number="46" hits="1" branch="false"/>
                                <line number="46" hits="1" branch="false"/>
                                <line number="44" hits="0" branch="false"/>
                                <line number="46" hits="1" branch="false"/>
                                <line number="44" hits="1" branch="false"/>
                                <line number="45" hits="1" branch="false"/>
                                <line number="46" hits="1" branch="false"/>
                                <line number="45" hits="1" branch="false"/>
                                <line number="46" hits="1" branch="false"/>
                                <line number="46" hits="1" branch="false"/>
                                <line number="45" hits="1" branch="false"/>
                                <line number="45" hits="1" branch="false"/>
                                <line number="46" hits="1" branch="false"/>
                                <line number="45" hits="1" branch="false"/>
                                <line number="46" hits="1" branch="false"/>
                                <line number="44" hits="1" branch="false"/>
                                <line number="46" hits="1" branch="false"/>
                            </lines>
</method>
                        <method 
                        name="studentresult/StudentResult/subject2Topper" signature="()V" line-rate="0.00" branch-rate="0.00" complexity="0">
                            <lines>
                                <line number="56" hits="0" branch="false"/>
                                <line number="58" hits="0" branch="false"/>
                                <line number="57" hits="0" branch="false"/>
                                <line number="58" hits="0" branch="false"/>
                                <line number="58" hits="0" branch="false"/>
                                <line number="58" hits="0" branch="false"/>
                                <line number="56" hits="0" branch="false"/>
                                <line number="57" hits="0" branch="false"/>
                                <line number="58" hits="0" branch="false"/>
                                <line number="58" hits="0" branch="false"/>
                                <line number="58" hits="0" branch="false"/>
                                <line number="56" hits="0" branch="false"/>
                                <line number="58" hits="0" branch="false"/>
                                <line number="57" hits="0" branch="false"/>
                                <line number="58" hits="0" branch="false"/>
                            </lines>
</method>
                        <method 
                        name="studentresult/StudentResult/displayFullMarksheet" signature="()V" line-rate="0.00" branch-rate="0.00" complexity="0">
                            <lines>
                                <line number="71" hits="0" branch="false"/>
                                <line number="71" hits="0" branch="false"/>
                                <line number="71" hits="0" branch="false"/>
                                <line number="71" hits="0" branch="false"/>
                                <line number="71" hits="0" branch="false"/>
                                <line number="68" hits="0" branch="false"/>
                                <line number="71" hits="0" branch="false"/>
                                <line number="71" hits="0" branch="false"/>
                                <line number="71" hits="0" branch="false"/>
                                <line number="70" hits="0" branch="false"/>
                                <line number="71" hits="0" branch="false"/>
                                <line number="71" hits="0" branch="false"/>
                                <line number="69" hits="0" branch="false"/>
                                <line number="71" hits="0" branch="false"/>
                                <line number="71" hits="0" branch="false"/>
                                <line number="71" hits="0" branch="false"/>
                                <line number="71" hits="0" branch="false"/>
                                <line number="71" hits="0" branch="false"/>
                                <line number="71" hits="0" branch="false"/>
                                <line number="71" hits="0" branch="false"/>
                                <line number="71" hits="0" branch="false"/>
                                <line number="71" hits="0" branch="false"/>
                                <line number="68" hits="0" branch="false"/>
                                <line number="71" hits="0" branch="false"/>
                                <line number="71" hits="0" branch="false"/>
                                <line number="71" hits="0" branch="false"/>
                                <line number="71" hits="0" branch="false"/>
                                <line number="68" hits="0" branch="false"/>
                                <line number="71" hits="0" branch="false"/>
                                <line number="71" hits="0" branch="false"/>
                                <line number="71" hits="0" branch="false"/>
                                <line number="69" hits="0" branch="false"/>
                                <line number="71" hits="0" branch="false"/>
                                <line number="70" hits="0" branch="false"/>
                                <line number="71" hits="0" branch="false"/>
                                <line number="71" hits="0" branch="false"/>
                                <line number="71" hits="0" branch="false"/>
                                <line number="71" hits="0" branch="false"/>
                            </lines>
</method>
                    </methods>
                    <lines>
                        <line number="71" hits="0" branch="false"/>
                        <line number="71" hits="0" branch="false"/>
                        <line number="56" hits="0" branch="false"/>
                        <line number="58" hits="0" branch="false"/>
                        <line number="52" hits="1" branch="false"/>
                        <line number="71" hits="0" branch="false"/>
                        <line number="63" hits="0" branch="false"/>
                        <line number="64" hits="0" branch="false"/>
                        <line number="71" hits="0" branch="false"/>
                        <line number="57" hits="0" branch="false"/>
                        <line number="58" hits="0" branch="false"/>
                        <line number="71" hits="0" branch="false"/>
                        <line number="68" hits="0" branch="false"/>
                        <line number="50" hits="1" branch="false"/>
                        <line number="52" hits="1" branch="false"/>
                        <line number="31" hits="1" branch="false"/>
                        <line number="45" hits="1" branch="false"/>
                        <line number="71" hits="0" branch="false"/>
                        <line number="64" hits="0" branch="false"/>
                        <line number="46" hits="1" branch="false"/>
                        <line number="71" hits="0" branch="false"/>
                        <line number="45" hits="1" branch="false"/>
                        <line number="40" hits="1" branch="false"/>
                        <line number="71" hits="0" branch="false"/>
                        <line number="70" hits="0" branch="false"/>
                        <line number="52" hits="1" branch="false"/>
                        <line number="51" hits="1" branch="false"/>
                        <line number="64" hits="0" branch="false"/>
                        <line number="46" hits="1" branch="false"/>
                        <line number="58" hits="0" branch="false"/>
                        <line number="62" hits="0" branch="false"/>
                        <line number="46" hits="1" branch="false"/>
                        <line number="44" hits="0" branch="false"/>
                        <line number="32" hits="1" branch="false"/>
                        <line number="46" hits="1" branch="false"/>
                        <line number="71" hits="0" branch="false"/>
                        <line number="71" hits="0" branch="false"/>
                        <line number="69" hits="0" branch="false"/>
                        <line number="71" hits="0" branch="false"/>
                        <line number="62" hits="0" branch="false"/>
                        <line number="64" hits="0" branch="false"/>
                        <line number="71" hits="0" branch="false"/>
                        <line number="64" hits="0" branch="false"/>
                        <line number="71" hits="0" branch="false"/>
                        <line number="58" hits="0" branch="false"/>
                        <line number="63" hits="0" branch="false"/>
                        <line number="52" hits="1" branch="false"/>
                        <line number="56" hits="0" branch="false"/>
                        <line number="44" hits="1" branch="false"/>
                        <line number="45" hits="1" branch="false"/>
                        <line number="71" hits="0" branch="false"/>
                        <line number="46" hits="1" branch="false"/>
                        <line number="71" hits="0" branch="false"/>
                        <line number="45" hits="1" branch="false"/>
                        <line number="46" hits="1" branch="false"/>
                        <line number="52" hits="1" branch="false"/>
                        <line number="57" hits="0" branch="false"/>
                        <line number="71" hits="0" branch="false"/>
                        <line number="34" hits="1" branch="false"/>
                        <line number="71" hits="0" branch="false"/>
                        <line number="71" hits="0" branch="false"/>
                        <line number="71" hits="0" branch="false"/>
                        <line number="68" hits="0" branch="false"/>
                        <line number="58" hits="0" branch="false"/>
                        <line number="50" hits="1" branch="false"/>
                        <line number="64" hits="0" branch="false"/>
                        <line number="58" hits="0" branch="false"/>
                        <line number="51" hits="1" branch="false"/>
                        <line number="52" hits="1" branch="false"/>
                        <line number="46" hits="1" branch="false"/>
                        <line number="39" hits="1" branch="false"/>
                        <line number="45" hits="1" branch="false"/>
                        <line number="71" hits="0" branch="false"/>
                        <line number="71" hits="0" branch="false"/>
                        <line number="71" hits="0" branch="false"/>
                        <line number="71" hits="0" branch="false"/>
                        <line number="68" hits="0" branch="false"/>
                        <line number="45" hits="1" branch="false"/>
                        <line number="52" hits="1" branch="false"/>
                        <line number="58" hits="0" branch="false"/>
                        <line number="71" hits="0" branch="false"/>
                        <line number="71" hits="0" branch="false"/>
                        <line number="71" hits="0" branch="false"/>
                        <line number="62" hits="0" branch="false"/>
                        <line number="64" hits="0" branch="false"/>
                        <line number="69" hits="0" branch="false"/>
                        <line number="51" hits="1" branch="false"/>
                        <line number="46" hits="1" branch="false"/>
                        <line number="56" hits="0" branch="false"/>
                        <line number="45" hits="1" branch="false"/>
                        <line number="58" hits="0" branch="false"/>
                        <line number="37" hits="1" branch="false"/>
                        <line number="52" hits="1" branch="false"/>
                        <line number="46" hits="1" branch="false"/>
                        <line number="71" hits="0" branch="false"/>
                        <line number="70" hits="0" branch="false"/>
                        <line number="71" hits="0" branch="false"/>
                        <line number="63" hits="0" branch="false"/>
                        <line number="71" hits="0" branch="false"/>
                        <line number="64" hits="0" branch="false"/>
                        <line number="44" hits="1" branch="false"/>
                        <line number="33" hits="1" branch="false"/>
                        <line number="52" hits="1" branch="false"/>
                        <line number="57" hits="0" branch="false"/>
                        <line number="58" hits="0" branch="false"/>
                        <line number="50" hits="1" branch="false"/>
                        <line number="64" hits="0" branch="false"/>
                        <line number="46" hits="1" branch="false"/>
                        <line number="38" hits="1" branch="false"/>
                        <line number="71" hits="0" branch="false"/>
                        <line number="71" hits="0" branch="false"/>
                    </lines>
</class>
                <class 
                name="studentresult.ScoreCard" filename="studentresult/StudentResult.scala" line-rate="1.00" branch-rate="1.00" complexity="0">
                    <methods>
                        <method name="studentresult/ScoreCard/apply" signature="()V" line-rate="1.00" branch-rate="1.00" complexity="0">
                            <lines>
                                <line number="23" hits="1" branch="false"/>
                                <line number="22" hits="1" branch="false"/>
                            </lines>
                        </method>
                    </methods>
                    <lines>
                        <line number="23" hits="1" branch="false"/>
                        <line number="22" hits="1" branch="false"/>
                    </lines>
</class>
            </classes>
        </package>
    </packages>
</coverage>
